C:\Users\nsirimongkol\Documents\ChefUpHackPoly\wwwroot\out-tsc\src\app\Services\app.service.js
C:\Users\nsirimongkol\Documents\ChefUpHackPoly\wwwroot\out-tsc\src\app\Services\app.service.js.map
C:\Users\nsirimongkol\Documents\ChefUpHackPoly\wwwroot\out-tsc\src\app\Services\recipe.service.js
C:\Users\nsirimongkol\Documents\ChefUpHackPoly\wwwroot\out-tsc\src\app\Services\recipe.service.js.map
C:\Users\nsirimongkol\Documents\ChefUpHackPoly\wwwroot\out-tsc\src\app\PipeModule.js
C:\Users\nsirimongkol\Documents\ChefUpHackPoly\wwwroot\out-tsc\src\app\PipeModule.js.map
C:\Users\nsirimongkol\Documents\ChefUpHackPoly\wwwroot\out-tsc\src\app\home\app-homepage.component.js
C:\Users\nsirimongkol\Documents\ChefUpHackPoly\wwwroot\out-tsc\src\app\home\app-homepage.component.js.map
C:\Users\nsirimongkol\Documents\ChefUpHackPoly\wwwroot\out-tsc\src\app\app.component.js
C:\Users\nsirimongkol\Documents\ChefUpHackPoly\wwwroot\out-tsc\src\app\app.component.js.map
C:\Users\nsirimongkol\Documents\ChefUpHackPoly\wwwroot\out-tsc\src\app\app.module.js
C:\Users\nsirimongkol\Documents\ChefUpHackPoly\wwwroot\out-tsc\src\app\app.module.js.map
C:\Users\nsirimongkol\Documents\ChefUpHackPoly\wwwroot\out-tsc\src\environments\environment.js
C:\Users\nsirimongkol\Documents\ChefUpHackPoly\wwwroot\out-tsc\src\environments\environment.js.map
C:\Users\nsirimongkol\Documents\ChefUpHackPoly\wwwroot\out-tsc\src\main.js
C:\Users\nsirimongkol\Documents\ChefUpHackPoly\wwwroot\out-tsc\src\main.js.map
C:\Users\nsirimongkol\Documents\ChefUpHackPoly\wwwroot\out-tsc\src\polyfills.js
C:\Users\nsirimongkol\Documents\ChefUpHackPoly\wwwroot\out-tsc\src\polyfills.js.map
C:\Users\nsirimongkol\Documents\ChefUpHackPoly\wwwroot\out-tsc\src\test.js
C:\Users\nsirimongkol\Documents\ChefUpHackPoly\wwwroot\out-tsc\src\test.js.map
C:\Users\nsirimongkol\Documents\ChefUpHackPoly\wwwroot\out-tsc\src\environments\environment.prod.js
C:\Users\nsirimongkol\Documents\ChefUpHackPoly\wwwroot\out-tsc\src\environments\environment.prod.js.map
C:\Users\nsirimongkol\Documents\ChefUpHackPoly\wwwroot\out-tsc\src\app\app.component.spec.js
C:\Users\nsirimongkol\Documents\ChefUpHackPoly\wwwroot\out-tsc\src\app\app.component.spec.js.map
C:\Users\nsirimongkol\Documents\ChefUpHackPoly\wwwroot\out-tsc\e2e\app.po.js
C:\Users\nsirimongkol\Documents\ChefUpHackPoly\wwwroot\out-tsc\e2e\app.po.js.map
C:\Users\nsirimongkol\Documents\ChefUpHackPoly\wwwroot\out-tsc\e2e\app.e2e-spec.js
C:\Users\nsirimongkol\Documents\ChefUpHackPoly\wwwroot\out-tsc\e2e\app.e2e-spec.js.map
C:\Users\nsirimongkol\Documents\ChefUpHackPoly\wwwroot\out-tsc\src\app\Services\app.service.js
C:\Users\nsirimongkol\Documents\ChefUpHackPoly\wwwroot\out-tsc\src\app\Services\app.service.js.map
C:\Users\nsirimongkol\Documents\ChefUpHackPoly\wwwroot\out-tsc\src\app\Services\recipe.service.js
C:\Users\nsirimongkol\Documents\ChefUpHackPoly\wwwroot\out-tsc\src\app\Services\recipe.service.js.map
C:\Users\nsirimongkol\Documents\ChefUpHackPoly\wwwroot\out-tsc\src\app\PipeModule.js
C:\Users\nsirimongkol\Documents\ChefUpHackPoly\wwwroot\out-tsc\src\app\PipeModule.js.map
C:\Users\nsirimongkol\Documents\ChefUpHackPoly\wwwroot\out-tsc\src\app\home\app-homepage.component.js
C:\Users\nsirimongkol\Documents\ChefUpHackPoly\wwwroot\out-tsc\src\app\home\app-homepage.component.js.map
C:\Users\nsirimongkol\Documents\ChefUpHackPoly\wwwroot\out-tsc\src\app\app.component.js
C:\Users\nsirimongkol\Documents\ChefUpHackPoly\wwwroot\out-tsc\src\app\app.component.js.map
C:\Users\nsirimongkol\Documents\ChefUpHackPoly\wwwroot\out-tsc\src\app\app.module.js
C:\Users\nsirimongkol\Documents\ChefUpHackPoly\wwwroot\out-tsc\src\app\app.module.js.map
C:\Users\nsirimongkol\Documents\ChefUpHackPoly\wwwroot\out-tsc\src\environments\environment.js
C:\Users\nsirimongkol\Documents\ChefUpHackPoly\wwwroot\out-tsc\src\environments\environment.js.map
C:\Users\nsirimongkol\Documents\ChefUpHackPoly\wwwroot\out-tsc\src\main.js
C:\Users\nsirimongkol\Documents\ChefUpHackPoly\wwwroot\out-tsc\src\main.js.map
C:\Users\nsirimongkol\Documents\ChefUpHackPoly\wwwroot\out-tsc\src\polyfills.js
C:\Users\nsirimongkol\Documents\ChefUpHackPoly\wwwroot\out-tsc\src\polyfills.js.map
C:\Users\nsirimongkol\Documents\ChefUpHackPoly\wwwroot\out-tsc\src\test.js
C:\Users\nsirimongkol\Documents\ChefUpHackPoly\wwwroot\out-tsc\src\test.js.map
C:\Users\nsirimongkol\Documents\ChefUpHackPoly\wwwroot\out-tsc\src\environments\environment.prod.js
C:\Users\nsirimongkol\Documents\ChefUpHackPoly\wwwroot\out-tsc\src\environments\environment.prod.js.map
C:\Users\nsirimongkol\Documents\ChefUpHackPoly\wwwroot\out-tsc\src\app\app.component.spec.js
C:\Users\nsirimongkol\Documents\ChefUpHackPoly\wwwroot\out-tsc\src\app\app.component.spec.js.map
C:\Users\nsirimongkol\Documents\ChefUpHackPoly\wwwroot\out-tsc\e2e\app.po.js
C:\Users\nsirimongkol\Documents\ChefUpHackPoly\wwwroot\out-tsc\e2e\app.po.js.map
C:\Users\nsirimongkol\Documents\ChefUpHackPoly\wwwroot\out-tsc\e2e\app.e2e-spec.js
C:\Users\nsirimongkol\Documents\ChefUpHackPoly\wwwroot\out-tsc\e2e\app.e2e-spec.js.map
C:\Users\nsirimongkol\Documents\ChefUpHackPoly\wwwroot\out-tsc\src\app\Services\app.service.js
C:\Users\nsirimongkol\Documents\ChefUpHackPoly\wwwroot\out-tsc\src\app\Services\app.service.js.map
C:\Users\nsirimongkol\Documents\ChefUpHackPoly\wwwroot\out-tsc\src\app\Services\recipe.service.js
C:\Users\nsirimongkol\Documents\ChefUpHackPoly\wwwroot\out-tsc\src\app\Services\recipe.service.js.map
C:\Users\nsirimongkol\Documents\ChefUpHackPoly\wwwroot\out-tsc\src\app\home\app-homepage.component.js
C:\Users\nsirimongkol\Documents\ChefUpHackPoly\wwwroot\out-tsc\src\app\home\app-homepage.component.js.map
C:\Users\nsirimongkol\Documents\ChefUpHackPoly\wwwroot\out-tsc\src\app\app.component.js
C:\Users\nsirimongkol\Documents\ChefUpHackPoly\wwwroot\out-tsc\src\app\app.component.js.map
C:\Users\nsirimongkol\Documents\ChefUpHackPoly\wwwroot\out-tsc\src\app\app.module.js
C:\Users\nsirimongkol\Documents\ChefUpHackPoly\wwwroot\out-tsc\src\app\app.module.js.map
C:\Users\nsirimongkol\Documents\ChefUpHackPoly\wwwroot\out-tsc\src\environments\environment.js
C:\Users\nsirimongkol\Documents\ChefUpHackPoly\wwwroot\out-tsc\src\environments\environment.js.map
C:\Users\nsirimongkol\Documents\ChefUpHackPoly\wwwroot\out-tsc\src\main.js
C:\Users\nsirimongkol\Documents\ChefUpHackPoly\wwwroot\out-tsc\src\main.js.map
C:\Users\nsirimongkol\Documents\ChefUpHackPoly\wwwroot\out-tsc\src\polyfills.js
C:\Users\nsirimongkol\Documents\ChefUpHackPoly\wwwroot\out-tsc\src\polyfills.js.map
C:\Users\nsirimongkol\Documents\ChefUpHackPoly\wwwroot\out-tsc\src\test.js
C:\Users\nsirimongkol\Documents\ChefUpHackPoly\wwwroot\out-tsc\src\test.js.map
C:\Users\nsirimongkol\Documents\ChefUpHackPoly\wwwroot\out-tsc\src\environments\environment.prod.js
C:\Users\nsirimongkol\Documents\ChefUpHackPoly\wwwroot\out-tsc\src\environments\environment.prod.js.map
C:\Users\nsirimongkol\Documents\ChefUpHackPoly\wwwroot\out-tsc\src\app\app.component.spec.js
C:\Users\nsirimongkol\Documents\ChefUpHackPoly\wwwroot\out-tsc\src\app\app.component.spec.js.map
C:\Users\nsirimongkol\Documents\ChefUpHackPoly\wwwroot\out-tsc\e2e\app.po.js
C:\Users\nsirimongkol\Documents\ChefUpHackPoly\wwwroot\out-tsc\e2e\app.po.js.map
C:\Users\nsirimongkol\Documents\ChefUpHackPoly\wwwroot\out-tsc\e2e\app.e2e-spec.js
C:\Users\nsirimongkol\Documents\ChefUpHackPoly\wwwroot\out-tsc\e2e\app.e2e-spec.js.map
C:\Users\nsirimongkol\Documents\ChefUpHackPoly\wwwroot\out-tsc\src\app\Services\app.service.js
C:\Users\nsirimongkol\Documents\ChefUpHackPoly\wwwroot\out-tsc\src\app\Services\app.service.js.map
C:\Users\nsirimongkol\Documents\ChefUpHackPoly\wwwroot\out-tsc\src\app\Services\recipe.service.js
C:\Users\nsirimongkol\Documents\ChefUpHackPoly\wwwroot\out-tsc\src\app\Services\recipe.service.js.map
C:\Users\nsirimongkol\Documents\ChefUpHackPoly\wwwroot\out-tsc\src\app\home\app-homepage.component.js
C:\Users\nsirimongkol\Documents\ChefUpHackPoly\wwwroot\out-tsc\src\app\home\app-homepage.component.js.map
C:\Users\nsirimongkol\Documents\ChefUpHackPoly\wwwroot\out-tsc\src\app\app.component.js
C:\Users\nsirimongkol\Documents\ChefUpHackPoly\wwwroot\out-tsc\src\app\app.component.js.map
C:\Users\nsirimongkol\Documents\ChefUpHackPoly\wwwroot\out-tsc\src\app\app.module.js
C:\Users\nsirimongkol\Documents\ChefUpHackPoly\wwwroot\out-tsc\src\app\app.module.js.map
C:\Users\nsirimongkol\Documents\ChefUpHackPoly\wwwroot\out-tsc\src\environments\environment.js
C:\Users\nsirimongkol\Documents\ChefUpHackPoly\wwwroot\out-tsc\src\environments\environment.js.map
C:\Users\nsirimongkol\Documents\ChefUpHackPoly\wwwroot\out-tsc\src\main.js
C:\Users\nsirimongkol\Documents\ChefUpHackPoly\wwwroot\out-tsc\src\main.js.map
C:\Users\nsirimongkol\Documents\ChefUpHackPoly\wwwroot\out-tsc\src\polyfills.js
C:\Users\nsirimongkol\Documents\ChefUpHackPoly\wwwroot\out-tsc\src\polyfills.js.map
C:\Users\nsirimongkol\Documents\ChefUpHackPoly\wwwroot\out-tsc\src\test.js
C:\Users\nsirimongkol\Documents\ChefUpHackPoly\wwwroot\out-tsc\src\test.js.map
C:\Users\nsirimongkol\Documents\ChefUpHackPoly\wwwroot\out-tsc\src\environments\environment.prod.js
C:\Users\nsirimongkol\Documents\ChefUpHackPoly\wwwroot\out-tsc\src\environments\environment.prod.js.map
C:\Users\nsirimongkol\Documents\ChefUpHackPoly\wwwroot\out-tsc\src\app\app.component.spec.js
C:\Users\nsirimongkol\Documents\ChefUpHackPoly\wwwroot\out-tsc\src\app\app.component.spec.js.map
C:\Users\nsirimongkol\Documents\ChefUpHackPoly\wwwroot\out-tsc\e2e\app.po.js
C:\Users\nsirimongkol\Documents\ChefUpHackPoly\wwwroot\out-tsc\e2e\app.po.js.map
C:\Users\nsirimongkol\Documents\ChefUpHackPoly\wwwroot\out-tsc\e2e\app.e2e-spec.js
C:\Users\nsirimongkol\Documents\ChefUpHackPoly\wwwroot\out-tsc\e2e\app.e2e-spec.js.map
